{"/home/dell/Documents/lessons.js/algorithms/linkedlist/linkedList.js": {"path":"/home/dell/Documents/lessons.js/algorithms/linkedlist/linkedList.js","statementMap":{"0":{"start":{"line":4,"column":4},"end":{"line":4,"column":21}},"1":{"start":{"line":6,"column":4},"end":{"line":6,"column":20}},"2":{"start":{"line":12,"column":20},"end":{"line":12,"column":55}},"3":{"start":{"line":14,"column":4},"end":{"line":14,"column":24}},"4":{"start":{"line":16,"column":4},"end":{"line":16,"column":18}},"5":{"start":{"line":20,"column":4},"end":{"line":22,"column":5}},"6":{"start":{"line":21,"column":6},"end":{"line":21,"column":18}},"7":{"start":{"line":24,"column":18},"end":{"line":24,"column":27}},"8":{"start":{"line":25,"column":4},"end":{"line":27,"column":5}},"9":{"start":{"line":25,"column":17},"end":{"line":25,"column":18}},"10":{"start":{"line":26,"column":6},"end":{"line":26,"column":29}},"11":{"start":{"line":29,"column":4},"end":{"line":29,"column":19}},"12":{"start":{"line":33,"column":4},"end":{"line":33,"column":31}},"13":{"start":{"line":34,"column":4},"end":{"line":34,"column":18}},"14":{"start":{"line":38,"column":4},"end":{"line":40,"column":5}},"15":{"start":{"line":39,"column":6},"end":{"line":39,"column":38}},"16":{"start":{"line":42,"column":17},"end":{"line":42,"column":43}},"17":{"start":{"line":43,"column":4},"end":{"line":45,"column":5}},"18":{"start":{"line":44,"column":6},"end":{"line":44,"column":18}},"19":{"start":{"line":48,"column":4},"end":{"line":51,"column":6}},"20":{"start":{"line":53,"column":4},"end":{"line":53,"column":18}},"21":{"start":{"line":57,"column":4},"end":{"line":59,"column":5}},"22":{"start":{"line":58,"column":6},"end":{"line":58,"column":31}},"23":{"start":{"line":61,"column":17},"end":{"line":61,"column":43}},"24":{"start":{"line":62,"column":4},"end":{"line":64,"column":5}},"25":{"start":{"line":63,"column":6},"end":{"line":63,"column":18}},"26":{"start":{"line":66,"column":4},"end":{"line":66,"column":31}},"27":{"start":{"line":69,"column":4},"end":{"line":69,"column":18}},"28":{"start":{"line":73,"column":17},"end":{"line":73,"column":19}},"29":{"start":{"line":74,"column":18},"end":{"line":74,"column":27}},"30":{"start":{"line":75,"column":4},"end":{"line":78,"column":5}},"31":{"start":{"line":76,"column":6},"end":{"line":76,"column":47}},"32":{"start":{"line":77,"column":6},"end":{"line":77,"column":29}},"33":{"start":{"line":80,"column":4},"end":{"line":80,"column":33}},"34":{"start":{"line":87,"column":4},"end":{"line":87,"column":23}},"35":{"start":{"line":89,"column":4},"end":{"line":89,"column":21}},"36":{"start":{"line":93,"column":0},"end":{"line":100,"column":2}},"37":{"start":{"line":94,"column":13},"end":{"line":94,"column":29}},"38":{"start":{"line":95,"column":2},"end":{"line":97,"column":3}},"39":{"start":{"line":95,"column":15},"end":{"line":95,"column":32}},"40":{"start":{"line":96,"column":4},"end":{"line":96,"column":31}},"41":{"start":{"line":99,"column":2},"end":{"line":99,"column":12}},"42":{"start":{"line":102,"column":0},"end":{"line":102,"column":28}}},"fnMap":{"0":{"name":"(anonymous_0)","decl":{"start":{"line":2,"column":2},"end":{"line":2,"column":3}},"loc":{"start":{"line":2,"column":16},"end":{"line":7,"column":3}},"line":2},"1":{"name":"(anonymous_1)","decl":{"start":{"line":10,"column":2},"end":{"line":10,"column":3}},"loc":{"start":{"line":10,"column":21},"end":{"line":17,"column":3}},"line":10},"2":{"name":"(anonymous_2)","decl":{"start":{"line":19,"column":2},"end":{"line":19,"column":3}},"loc":{"start":{"line":19,"column":20},"end":{"line":30,"column":3}},"line":19},"3":{"name":"(anonymous_3)","decl":{"start":{"line":32,"column":2},"end":{"line":32,"column":3}},"loc":{"start":{"line":32,"column":15},"end":{"line":35,"column":3}},"line":32},"4":{"name":"(anonymous_4)","decl":{"start":{"line":37,"column":2},"end":{"line":37,"column":3}},"loc":{"start":{"line":37,"column":30},"end":{"line":54,"column":3}},"line":37},"5":{"name":"(anonymous_5)","decl":{"start":{"line":56,"column":2},"end":{"line":56,"column":3}},"loc":{"start":{"line":56,"column":23},"end":{"line":70,"column":3}},"line":56},"6":{"name":"(anonymous_6)","decl":{"start":{"line":72,"column":2},"end":{"line":72,"column":3}},"loc":{"start":{"line":72,"column":10},"end":{"line":81,"column":3}},"line":72},"7":{"name":"(anonymous_7)","decl":{"start":{"line":85,"column":2},"end":{"line":85,"column":3}},"loc":{"start":{"line":85,"column":27},"end":{"line":90,"column":3}},"line":85},"8":{"name":"(anonymous_8)","decl":{"start":{"line":93,"column":24},"end":{"line":93,"column":25}},"loc":{"start":{"line":93,"column":45},"end":{"line":100,"column":1}},"line":93}},"branchMap":{"0":{"loc":{"start":{"line":20,"column":4},"end":{"line":22,"column":5}},"type":"if","locations":[{"start":{"line":20,"column":4},"end":{"line":22,"column":5}},{"start":{"line":20,"column":4},"end":{"line":22,"column":5}}],"line":20},"1":{"loc":{"start":{"line":20,"column":8},"end":{"line":20,"column":41}},"type":"binary-expr","locations":[{"start":{"line":20,"column":8},"end":{"line":20,"column":17}},{"start":{"line":20,"column":21},"end":{"line":20,"column":41}}],"line":20},"2":{"loc":{"start":{"line":38,"column":4},"end":{"line":40,"column":5}},"type":"if","locations":[{"start":{"line":38,"column":4},"end":{"line":40,"column":5}},{"start":{"line":38,"column":4},"end":{"line":40,"column":5}}],"line":38},"3":{"loc":{"start":{"line":43,"column":4},"end":{"line":45,"column":5}},"type":"if","locations":[{"start":{"line":43,"column":4},"end":{"line":45,"column":5}},{"start":{"line":43,"column":4},"end":{"line":45,"column":5}}],"line":43},"4":{"loc":{"start":{"line":57,"column":4},"end":{"line":59,"column":5}},"type":"if","locations":[{"start":{"line":57,"column":4},"end":{"line":59,"column":5}},{"start":{"line":57,"column":4},"end":{"line":59,"column":5}}],"line":57},"5":{"loc":{"start":{"line":62,"column":4},"end":{"line":64,"column":5}},"type":"if","locations":[{"start":{"line":62,"column":4},"end":{"line":64,"column":5}},{"start":{"line":62,"column":4},"end":{"line":64,"column":5}}],"line":62}},"s":{"0":14,"1":14,"2":37,"3":37,"4":37,"5":12,"6":6,"7":6,"8":6,"9":6,"10":7,"11":6,"12":2,"13":2,"14":4,"15":1,"16":3,"17":3,"18":2,"19":1,"20":1,"21":4,"22":1,"23":3,"24":3,"25":2,"26":1,"27":1,"28":0,"29":0,"30":0,"31":0,"32":0,"33":0,"34":38,"35":38,"36":1,"37":13,"38":13,"39":13,"40":34,"41":13,"42":1},"f":{"0":14,"1":37,"2":12,"3":2,"4":4,"5":4,"6":0,"7":38,"8":13},"b":{"0":[6,6],"1":[12,8],"2":[1,3],"3":[2,1],"4":[1,3],"5":[2,1]},"_coverageSchema":"1a1c01bbd47fc00a2c39e90264f33305004495a9","hash":"2f21db464618f5b2356efcb0e9f34118762b6d88"}
}
