TN:
SF:linkedList.js
FN:2,(anonymous_0)
FN:10,(anonymous_1)
FN:19,(anonymous_2)
FN:32,(anonymous_3)
FN:37,(anonymous_4)
FN:56,(anonymous_5)
FN:72,(anonymous_6)
FN:85,(anonymous_7)
FN:93,(anonymous_8)
FNF:9
FNH:8
FNDA:14,(anonymous_0)
FNDA:37,(anonymous_1)
FNDA:12,(anonymous_2)
FNDA:2,(anonymous_3)
FNDA:4,(anonymous_4)
FNDA:4,(anonymous_5)
FNDA:0,(anonymous_6)
FNDA:38,(anonymous_7)
FNDA:13,(anonymous_8)
DA:4,14
DA:6,14
DA:12,37
DA:14,37
DA:16,37
DA:20,12
DA:21,6
DA:24,6
DA:25,6
DA:26,7
DA:29,6
DA:33,2
DA:34,2
DA:38,4
DA:39,1
DA:42,3
DA:43,3
DA:44,2
DA:48,1
DA:53,1
DA:57,4
DA:58,1
DA:61,3
DA:62,3
DA:63,2
DA:66,1
DA:69,1
DA:73,0
DA:74,0
DA:75,0
DA:76,0
DA:77,0
DA:80,0
DA:87,38
DA:89,38
DA:93,1
DA:94,13
DA:95,13
DA:96,34
DA:99,13
DA:102,1
LF:41
LH:35
BRDA:20,0,0,6
BRDA:20,0,1,6
BRDA:20,1,0,12
BRDA:20,1,1,8
BRDA:38,2,0,1
BRDA:38,2,1,3
BRDA:43,3,0,2
BRDA:43,3,1,1
BRDA:57,4,0,1
BRDA:57,4,1,3
BRDA:62,5,0,2
BRDA:62,5,1,1
BRF:12
BRH:12
end_of_record
